# JRE version: OpenJDK Runtime Environment (11.0.5+10) (build 11.0.5+10-b520.38)
# Java VM: OpenJDK 64-Bit Server VM (11.0.5+10-b520.38, mixed mode, sharing, tiered, compressed oops, g1 gc, windows-amd64)
Heap:
 garbage-first heap   total 131072K, used 42490K [0x0000000081e00000, 0x0000000100000000)
  region size 1024K, 31 young (31744K), 7 survivors (7168K)
 Metaspace       used 34061K, capacity 35416K, committed 35708K, reserved 1081344K
  class space    used 4162K, capacity 4743K, committed 4864K, reserved 1048576K
GC Heap History (6 events):
Event: 0.458 GC heap before
{Heap before GC invocations=0 (full 0):
 garbage-first heap   total 131072K, used 14336K [0x0000000081e00000, 0x0000000100000000)
  region size 1024K, 14 young (14336K), 0 survivors (0K)
 Metaspace       used 4191K, capacity 7252K, committed 7424K, reserved 1056768K
  class space    used 431K, capacity 766K, committed 768K, reserved 1048576K
}
Event: 0.502 GC heap after
{Heap after GC invocations=1 (full 0):
 garbage-first heap   total 131072K, used 3549K [0x0000000081e00000, 0x0000000100000000)
  region size 1024K, 2 young (2048K), 2 survivors (2048K)
 Metaspace       used 4191K, capacity 7252K, committed 7424K, reserved 1056768K
  class space    used 431K, capacity 766K, committed 768K, reserved 1048576K
}
Event: 2.360 GC heap before
{Heap before GC invocations=1 (full 0):
 garbage-first heap   total 131072K, used 52701K [0x0000000081e00000, 0x0000000100000000)
  region size 1024K, 51 young (52224K), 2 survivors (2048K)
 Metaspace       used 20321K, capacity 21124K, committed 21296K, reserved 1067008K
  class space    used 2625K, capacity 2943K, committed 2944K, reserved 1048576K
}
Event: 2.372 GC heap after
{Heap after GC invocations=2 (full 0):
 garbage-first heap   total 131072K, used 10251K [0x0000000081e00000, 0x0000000100000000)
  region size 1024K, 9 young (9216K), 9 survivors (9216K)
 Metaspace       used 20321K, capacity 21124K, committed 21296K, reserved 1067008K
  class space    used 2625K, capacity 2943K, committed 2944K, reserved 1048576K
}
Event: 18.029 GC heap before
{Heap before GC invocations=3 (full 0):
 garbage-first heap   total 131072K, used 56331K [0x0000000081e00000, 0x0000000100000000)
  region size 1024K, 51 young (52224K), 9 survivors (9216K)
 Metaspace       used 33286K, capacity 34588K, committed 34812K, reserved 1079296K
  class space    used 4139K, capacity 4705K, committed 4736K, reserved 1048576K
}
Event: 18.043 GC heap after
{Heap after GC invocations=4 (full 0):
 garbage-first heap   total 131072K, used 18938K [0x0000000081e00000, 0x0000000100000000)
  region size 1024K, 7 young (7168K), 7 survivors (7168K)
 Metaspace       used 33286K, capacity 34588K, committed 34812K, reserved 1079296K
  class space    used 4139K, capacity 4705K, committed 4736K, reserved 1048576K
}

